#
# A fatal error has been detected by the Java Runtime Environment:
#
#  EXCEPTION_ACCESS_VIOLATION (0xc0000005) at pc=0x0000000068d18e50, pid=1460, tid=0x0000000000001794
#
# JRE version: OpenJDK Runtime Environment (8.0_242-b01) (build 1.8.0_242-release-1644-b01)
# Java VM: OpenJDK 64-Bit Server VM (25.242-b01 mixed mode windows-amd64 compressed oops)
# Problematic frame:
# V  [jvm.dll+0x428e50]
#
# Failed to write core dump. Minidumps are not enabled by default on client versions of Windows
#
# If you would like to submit a bug report, please visit:
#   
#

---------------  T H R E A D  ---------------

Current thread (0x0000000017b32800):  JavaThread "C2 CompilerThread0" daemon [_thread_in_native, id=6036, stack(0x0000000019180000,0x0000000019280000)]

siginfo: ExceptionCode=0xc0000005, reading address 0x00000000af90ceb2

Registers:
RAX=0x000000002c6f42f0, RBX=0x000000000000001e, RCX=0xffffffffffffffff, RDX=0x0000000020c862f0
RSP=0x000000001927c430, RBP=0x0000000000000000, RSI=0x000000001963f048, RDI=0x00000000000000f0
R8 =0xffffffffffffffff, R9 =0x000000001963f3a0, R10=0x000000001927c6f0, R11=0x000000001f96d470
R12=0x000000001963f048, R13=0x00000000312f6c34, R14=0x0000000000000004, R15=0x0000000020c87868
RIP=0x0000000068d18e50, EFLAGS=0x0000000000010297

Top of Stack: (sp=0x000000001927c430)
0x000000001927c430:   0000000000000030 0000000000000009
0x000000001927c440:   000000001963ef30 000000000000a490
0x000000001927c450:   00000000312e7e20 0000000000000009
0x000000001927c460:   0000000020c87868 00000000000000f8
0x000000001927c470:   0000000000000004 0000000000000000
0x000000001927c480:   000000001def9dd0 00000000689b81eb
0x000000001927c490:   0000000000000000 0000000000000102
0x000000001927c4a0:   000000001927eaa0 0000000000000000
0x000000001927c4b0:   000000001927eaa0 000000002c6d1060
0x000000001927c4c0:   0000000017af4d30 000000001927c558
0x000000001927c4d0:   0000000000000009 0000000068d195aa
0x000000001927c4e0:   000000001927c6f0 000000001927c660
0x000000001927c4f0:   000000001927c528 0000000000000009
0x000000001927c500:   0000000017af4d30 000000001f9785b0
0x000000001927c510:   0000000017af4d30 0000000068dbbe09
0x000000001927c520:   0000000000001000 0000000000000200 

Instructions: (pc=0x0000000068d18e50)
0x0000000068d18e30:   00 4c 8b 7c 24 30 bf 08 00 00 00 0f 1f 44 00 00
0x0000000068d18e40:   48 8b 46 08 4c 8b 0c 07 49 8b 42 18 41 8b 51 28
0x0000000068d18e50:   48 0f bf 4c 90 02 4c 0f bf 04 90 83 f9 ff 74 16
0x0000000068d18e60:   48 8b d1 83 e1 1f b8 01 00 00 00 48 c1 fa 05 d3 


Register to memory mapping:

RAX=0x000000002c6f42f0 is an unknown value
RBX=0x000000000000001e is an unknown value
RCX=0xffffffffffffffff is an unknown value
RDX=0x0000000020c862f0 is an unknown value
RSP=0x000000001927c430 is pointing into the stack for thread: 0x0000000017b32800
RBP=0x0000000000000000 is an unknown value
RSI=0x000000001963f048 is an unknown value
RDI=0x00000000000000f0 is an unknown value
R8 =0xffffffffffffffff is an unknown value
R9 =0x000000001963f3a0 is an unknown value
R10=0x000000001927c6f0 is pointing into the stack for thread: 0x0000000017b32800
R11=0x000000001f96d470 is an unknown value
R12=0x000000001963f048 is an unknown value
R13=0x00000000312f6c34 is an unknown value
R14=0x0000000000000004 is an unknown value
R15=0x0000000020c87868 is an unknown value


Stack: [0x0000000019180000,0x0000000019280000],  sp=0x000000001927c430,  free space=1009k
Native frames: (J=compiled Java code, j=interpreted, Vv=VM code, C=native code)


Current CompileTask:
C2:1023380 25835       4       java.lang.Class::privateGetPublicMethods (267 bytes)


---------------  P R O C E S S  ---------------

Java Threads: ( => current thread )
  0x000000001c119800 JavaThread "Cache worker for execution history cache (D:\Akash_data\Documents\CityOneDriver\.gradle\6.5\executionHistory)" [_thread_blocked, id=4668, stack(0x000000002b050000,0x000000002b150000)]
  0x000000001c118000 JavaThread "Execution worker for ':' Thread 3" [_thread_blocked, id=3404, stack(0x000000002add0000,0x000000002aed0000)]
  0x000000001a276800 JavaThread "Execution worker for ':' Thread 2" [_thread_blocked, id=1256, stack(0x000000002a550000,0x000000002a650000)]
  0x000000001a275800 JavaThread "Execution worker for ':'" [_thread_in_Java, id=8164, stack(0x0000000029e10000,0x0000000029f10000)]
  0x000000001a275000 JavaThread "Cache worker for file content cache (D:\Akash_data\Documents\CityOneDriver\.gradle\6.5\fileContent)" [_thread_blocked, id=8608, stack(0x00000000288a0000,0x00000000289a0000)]
  0x000000001a27c000 JavaThread "Cache worker for Build Output Cleanup Cache (D:\Akash_data\Documents\CityOneDriver\.gradle\buildOutputCleanup)" [_thread_blocked, id=7280, stack(0x00000000283a0000,0x00000000284a0000)]
  0x000000001a27b000 JavaThread "jar transforms Thread 376" [_thread_blocked, id=8048, stack(0x00000000282a0000,0x00000000283a0000)]
  0x000000001a27a800 JavaThread "jar transforms Thread 375" [_thread_blocked, id=5136, stack(0x00000000281a0000,0x00000000282a0000)]
  0x000000001a277800 JavaThread "jar transforms Thread 374" [_thread_blocked, id=6520, stack(0x00000000280a0000,0x00000000281a0000)]
  0x000000001a279800 JavaThread "jar transforms Thread 373" [_thread_blocked, id=5280, stack(0x0000000027fa0000,0x00000000280a0000)]
  0x000000001a278000 JavaThread "jar transforms Thread 372" [_thread_blocked, id=8424, stack(0x0000000027ea0000,0x0000000027fa0000)]
  0x000000001a279000 JavaThread "jar transforms Thread 371" [_thread_blocked, id=6616, stack(0x0000000027ba0000,0x0000000027ca0000)]
  0x000000001a26d800 JavaThread "jar transforms Thread 370" [_thread_blocked, id=3184, stack(0x0000000027aa0000,0x0000000027ba0000)]
  0x000000001a274000 JavaThread "jar transforms Thread 369" [_thread_blocked, id=1192, stack(0x00000000279a0000,0x0000000027aa0000)]
  0x000000001a273800 JavaThread "jar transforms Thread 368" [_thread_blocked, id=1028, stack(0x00000000278a0000,0x00000000279a0000)]
  0x000000001a272800 JavaThread "jar transforms Thread 367" [_thread_blocked, id=1056, stack(0x00000000277a0000,0x00000000278a0000)]
  0x000000001a270800 JavaThread "jar transforms Thread 366" [_thread_blocked, id=6444, stack(0x00000000276a0000,0x00000000277a0000)]
  0x000000001a26f800 JavaThread "jar transforms Thread 365" [_thread_blocked, id=8484, stack(0x00000000275a0000,0x00000000276a0000)]
  0x000000001a272000 JavaThread "jar transforms Thread 364" [_thread_blocked, id=7688, stack(0x00000000274a0000,0x00000000275a0000)]
  0x000000001a26e000 JavaThread "jar transforms Thread 363" [_thread_blocked, id=968, stack(0x00000000273a0000,0x00000000274a0000)]
  0x000000001a26f000 JavaThread "jar transforms Thread 362" [_thread_blocked, id=664, stack(0x00000000272a0000,0x00000000273a0000)]
  0x000000001a271000 JavaThread "jar transforms Thread 361" [_thread_blocked, id=7752, stack(0x00000000271a0000,0x00000000272a0000)]
  0x000000001a26c800 JavaThread "jar transforms Thread 360" [_thread_blocked, id=4296, stack(0x00000000270a0000,0x00000000271a0000)]
  0x000000001b6cb800 JavaThread "jar transforms Thread 359" [_thread_blocked, id=3628, stack(0x0000000026fa0000,0x00000000270a0000)]
  0x000000001b6c7800 JavaThread "jar transforms Thread 358" [_thread_blocked, id=3620, stack(0x0000000026ea0000,0x0000000026fa0000)]
  0x000000001b6ca800 JavaThread "jar transforms Thread 357" [_thread_blocked, id=2108, stack(0x0000000026da0000,0x0000000026ea0000)]
  0x000000001b6c9000 JavaThread "jar transforms Thread 356" [_thread_blocked, id=3244, stack(0x0000000026ca0000,0x0000000026da0000)]
  0x000000001b6ca000 JavaThread "jar transforms Thread 355" [_thread_blocked, id=2964, stack(0x0000000026ba0000,0x0000000026ca0000)]
  0x000000001c0c9800 JavaThread "jar transforms Thread 354" [_thread_blocked, id=5012, stack(0x0000000026aa0000,0x0000000026ba0000)]
  0x000000001c0c9000 JavaThread "jar transforms Thread 353" [_thread_blocked, id=3588, stack(0x00000000269a0000,0x0000000026aa0000)]
  0x000000001c0bf000 JavaThread "jar transforms Thread 352" [_thread_blocked, id=2180, stack(0x00000000268a0000,0x00000000269a0000)]
  0x000000001c0c5000 JavaThread "jar transforms Thread 351" [_thread_blocked, id=1772, stack(0x00000000267a0000,0x00000000268a0000)]
  0x000000001c0c3800 JavaThread "jar transforms Thread 350" [_thread_blocked, id=8264, stack(0x00000000266a0000,0x00000000267a0000)]
  0x000000001c0c2800 JavaThread "jar transforms Thread 349" [_thread_blocked, id=5416, stack(0x00000000265a0000,0x00000000266a0000)]
  0x000000001c0c6000 JavaThread "jar transforms Thread 348" [_thread_blocked, id=9096, stack(0x00000000264a0000,0x00000000265a0000)]
  0x000000001c0bb000 JavaThread "jar transforms Thread 347" [_thread_blocked, id=3836, stack(0x00000000263a0000,0x00000000264a0000)]
  0x000000001c0c2000 JavaThread "jar transforms Thread 346" [_thread_blocked, id=7872, stack(0x00000000262a0000,0x00000000263a0000)]
  0x000000001c0c1000 JavaThread "jar transforms Thread 345" [_thread_blocked, id=7252, stack(0x00000000261a0000,0x00000000262a0000)]
  0x000000001c0be000 JavaThread "jar transforms Thread 344" [_thread_blocked, id=8756, stack(0x00000000260a0000,0x00000000261a0000)]
  0x000000001c0c0800 JavaThread "jar transforms Thread 343" [_thread_blocked, id=7056, stack(0x0000000025fa0000,0x00000000260a0000)]
  0x000000001c0bc800 JavaThread "jar transforms Thread 342" [_thread_blocked, id=7260, stack(0x0000000025ea0000,0x0000000025fa0000)]
  0x000000001aad1800 JavaThread "jar transforms Thread 341" [_thread_blocked, id=6332, stack(0x0000000025da0000,0x0000000025ea0000)]
  0x000000001aace800 JavaThread "jar transforms Thread 340" [_thread_blocked, id=5184, stack(0x0000000025ca0000,0x0000000025da0000)]
  0x000000001aad1000 JavaThread "jar transforms Thread 339" [_thread_blocked, id=8472, stack(0x0000000025ba0000,0x0000000025ca0000)]
  0x000000001aace000 JavaThread "jar transforms Thread 338" [_thread_blocked, id=1200, stack(0x0000000025aa0000,0x0000000025ba0000)]
  0x000000001aad0000 JavaThread "jar transforms Thread 337" [_thread_blocked, id=4516, stack(0x00000000259a0000,0x0000000025aa0000)]
  0x000000001aacd000 JavaThread "jar transforms Thread 336" [_thread_blocked, id=3196, stack(0x00000000258a0000,0x00000000259a0000)]
  0x000000001aacf800 JavaThread "jar transforms Thread 335" [_thread_blocked, id=464, stack(0x00000000257a0000,0x00000000258a0000)]
  0x000000001aacc800 JavaThread "jar transforms Thread 334" [_thread_blocked, id=5720, stack(0x00000000256a0000,0x00000000257a0000)]
  0x000000001aac8000 JavaThread "jar transforms Thread 333" [_thread_blocked, id=3852, stack(0x00000000255a0000,0x00000000256a0000)]
  0x000000001aacb800 JavaThread "jar transforms Thread 332" [_thread_blocked, id=2040, stack(0x00000000254a0000,0x00000000255a0000)]
  0x000000001aac4000 JavaThread "jar transforms Thread 331" [_thread_blocked, id=7648, stack(0x00000000253a0000,0x00000000254a0000)]
  0x000000001aacb000 JavaThread "jar transforms Thread 330" [_thread_blocked, id=2960, stack(0x00000000252a0000,0x00000000253a0000)]
  0x000000001aaca000 JavaThread "jar transforms Thread 329" [_thread_blocked, id=1892, stack(0x00000000251a0000,0x00000000252a0000)]
  0x000000001aac3800 JavaThread "jar transforms Thread 328" [_thread_blocked, id=1708, stack(0x00000000250a0000,0x00000000251a0000)]
  0x000000001aac2800 JavaThread "jar transforms Thread 327" [_thread_blocked, id=6356, stack(0x0000000024fa0000,0x00000000250a0000)]
  0x000000001aac6800 JavaThread "jar transforms Thread 326" [_thread_blocked, id=5600, stack(0x0000000024ea0000,0x0000000024fa0000)]
  0x000000001aac5000 JavaThread "jar transforms Thread 325" [_thread_blocked, id=3240, stack(0x0000000024da0000,0x0000000024ea0000)]
  0x000000001e996000 JavaThread "jar transforms Thread 324" [_thread_blocked, id=2712, stack(0x0000000024ca0000,0x0000000024da0000)]
  0x000000001e99b800 JavaThread "jar transforms Thread 323" [_thread_blocked, id=2748, stack(0x0000000024ba0000,0x0000000024ca0000)]
  0x000000001e997800 JavaThread "jar transforms Thread 322" [_thread_blocked, id=116, stack(0x0000000024aa0000,0x0000000024ba0000)]
  0x000000001e99a800 JavaThread "jar transforms Thread 321" [_thread_blocked, id=5832, stack(0x00000000249a0000,0x0000000024aa0000)]
  0x000000001e99a000 JavaThread "jar transforms Thread 320" [_thread_blocked, id=8620, stack(0x00000000248a0000,0x00000000249a0000)]
  0x000000001e997000 JavaThread "jar transforms Thread 319" [_thread_blocked, id=8952, stack(0x00000000247a0000,0x00000000248a0000)]
  0x000000001e999000 JavaThread "jar transforms Thread 318" [_thread_blocked, id=8380, stack(0x00000000246a0000,0x00000000247a0000)]
  0x000000001e998800 JavaThread "jar transforms Thread 317" [_thread_blocked, id=2540, stack(0x00000000245a0000,0x00000000246a0000)]
  0x000000001e98e800 JavaThread "jar transforms Thread 316" [_thread_blocked, id=8336, stack(0x00000000244a0000,0x00000000245a0000)]
  0x000000001e992000 JavaThread "jar transforms Thread 315" [_thread_blocked, id=4600, stack(0x00000000243a0000,0x00000000244a0000)]
  0x000000001e98f000 JavaThread "jar transforms Thread 314" [_thread_blocked, id=3356, stack(0x00000000242a0000,0x00000000243a0000)]
  0x000000001e994800 JavaThread "jar transforms Thread 313" [_thread_blocked, id=1188, stack(0x00000000241a0000,0x00000000242a0000)]
  0x000000001e991800 JavaThread "jar transforms Thread 312" [_thread_blocked, id=8216, stack(0x00000000240a0000,0x00000000241a0000)]
  0x000000001e98d800 JavaThread "jar transforms Thread 311" [_thread_blocked, id=3424, stack(0x0000000023fa0000,0x00000000240a0000)]
  0x000000001e98d000 JavaThread "jar transforms Thread 310" [_thread_blocked, id=6088, stack(0x0000000023ea0000,0x0000000023fa0000)]
  0x000000001e98c000 JavaThread "jar transforms Thread 309" [_thread_blocked, id=6804, stack(0x0000000023da0000,0x0000000023ea0000)]
  0x000000001e990000 JavaThread "jar transforms Thread 308" [_thread_blocked, id=5960, stack(0x0000000023ca0000,0x0000000023da0000)]
  0x000000001e993000 JavaThread "jar transforms Thread 307" [_thread_blocked, id=1300, stack(0x0000000023ba0000,0x0000000023ca0000)]
  0x00000000196e1800 JavaThread "jar transforms Thread 306" [_thread_blocked, id=1108, stack(0x0000000023aa0000,0x0000000023ba0000)]
  0x00000000196e3800 JavaThread "jar transforms Thread 305" [_thread_blocked, id=4532, stack(0x00000000239a0000,0x0000000023aa0000)]
  0x00000000196e3000 JavaThread "jar transforms Thread 304" [_thread_blocked, id=3024, stack(0x00000000238a0000,0x00000000239a0000)]
  0x00000000196dd000 JavaThread "jar transforms Thread 303" [_thread_blocked, id=7984, stack(0x00000000237a0000,0x00000000238a0000)]
  0x00000000196e0000 JavaThread "jar transforms Thread 302" [_thread_blocked, id=1436, stack(0x00000000236a0000,0x00000000237a0000)]
  0x00000000196e0800 JavaThread "jar transforms Thread 301" [_thread_blocked, id=2476, stack(0x00000000235a0000,0x00000000236a0000)]
  0x00000000196dc000 JavaThread "jar transforms Thread 300" [_thread_blocked, id=4092, stack(0x00000000234a0000,0x00000000235a0000)]
  0x00000000196e2000 JavaThread "jar transforms Thread 299" [_thread_blocked, id=6336, stack(0x00000000233a0000,0x00000000234a0000)]
  0x00000000196df000 JavaThread "jar transforms Thread 298" [_thread_blocked, id=9156, stack(0x00000000232a0000,0x00000000233a0000)]
  0x00000000196d4800 JavaThread "jar transforms Thread 297" [_thread_blocked, id=2576, stack(0x00000000230a0000,0x00000000231a0000)]
  0x00000000196db800 JavaThread "jar transforms Thread 296" [_thread_blocked, id=5936, stack(0x0000000022fa0000,0x00000000230a0000)]
  0x00000000196da800 JavaThread "jar transforms Thread 295" [_thread_blocked, id=2688, stack(0x0000000022ea0000,0x0000000022fa0000)]
  0x00000000196da000 JavaThread "jar transforms Thread 294" [_thread_blocked, id=6468, stack(0x0000000022da0000,0x0000000022ea0000)]
  0x00000000196d5000 JavaThread "jar transforms Thread 293" [_thread_blocked, id=8052, stack(0x0000000022ca0000,0x0000000022da0000)]
  0x00000000196d6000 JavaThread "jar transforms Thread 292" [_thread_blocked, id=7476, stack(0x0000000022ba0000,0x0000000022ca0000)]
  0x00000000196d9000 JavaThread "jar transforms Thread 291" [_thread_blocked, id=8984, stack(0x0000000022aa0000,0x0000000022ba0000)]
  0x00000000196d8000 JavaThread "jar transforms Thread 290" [_thread_blocked, id=3152, stack(0x00000000229a0000,0x0000000022aa0000)]
  0x00000000196d6800 JavaThread "jar transforms Thread 289" [_thread_blocked, id=8312, stack(0x00000000228a0000,0x00000000229a0000)]
  0x00000000196d7800 JavaThread "jar transforms Thread 288" [_thread_blocked, id=4544, stack(0x00000000227a0000,0x00000000228a0000)]
  0x000000001a031000 JavaThread "jar transforms Thread 287" [_thread_blocked, id=3600, stack(0x00000000226a0000,0x00000000227a0000)]
  0x000000001a032800 JavaThread "jar transforms Thread 286" [_thread_blocked, id=3260, stack(0x00000000225a0000,0x00000000226a0000)]
  0x000000001a030800 JavaThread "jar transforms Thread 285" [_thread_blocked, id=8156, stack(0x00000000224a0000,0x00000000225a0000)]
  0x000000001a02f800 JavaThread "jar transforms Thread 284" [_thread_blocked, id=8, stack(0x0000000021ca0000,0x0000000021da0000)]
  0x000000001a02e000 JavaThread "jar transforms Thread 283" [_thread_blocked, id=3524, stack(0x00000000214a0000,0x00000000215a0000)]
  0x000000001a034000 JavaThread "Build operations Thread 4" [_thread_blocked, id=4736, stack(0x00000000213a0000,0x00000000214a0000)]
  0x000000001a02c800 JavaThread "Build operations Thread 3" [_thread_blocked, id=8140, stack(0x0000000020040000,0x0000000020140000)]
  0x000000001a033800 JavaThread "Build operations Thread 2" [_thread_blocked, id=2452, stack(0x000000001fd40000,0x000000001fe40000)]
  0x000000001a02d800 JavaThread "Build operations" [_thread_blocked, id=3412, stack(0x000000001d5a0000,0x000000001d6a0000)]
  0x000000001a02a800 JavaThread "Cache worker for cache directory md-rule (C:\Users\Akash\.gradle\caches\6.5\md-rule)" [_thread_blocked, id=6596, stack(0x000000001d4a0000,0x000000001d5a0000)]
  0x000000001a02c000 JavaThread "Cache worker for cache directory md-supplier (C:\Users\Akash\.gradle\caches\6.5\md-supplier)" [_thread_blocked, id=1204, stack(0x000000001d3a0000,0x000000001d4a0000)]
  0x000000001a02f000 JavaThread "Cache worker for checksums cache (D:\Akash_data\Documents\CityOneDriver\.gradle\checksums)" [_thread_blocked, id=3832, stack(0x000000001d2a0000,0x000000001d3a0000)]
  0x000000001a025000 JavaThread "Cache worker for file hash cache (D:\Akash_data\Documents\CityOneDriver\.gradle\6.5\fileHashes)" [_thread_blocked, id=2568, stack(0x000000001d1a0000,0x000000001d2a0000)]
  0x000000001a029800 JavaThread "Thread-402" [_thread_blocked, id=5552, stack(0x000000001d0a0000,0x000000001d1a0000)]
  0x000000001a028000 JavaThread "Stdin handler" [_thread_blocked, id=4848, stack(0x000000001cfa0000,0x000000001d0a0000)]
  0x000000001a02b000 JavaThread "Asynchronous log dispatcher for DefaultDaemonConnection: socket connection from /127.0.0.1:51075 to /127.0.0.1:51244" [_thread_blocked, id=356, stack(0x000000001c960000,0x000000001ca60000)]
  0x000000001a027800 JavaThread "Daemon worker Thread 4" [_thread_blocked, id=2344, stack(0x000000001c860000,0x000000001c960000)]
  0x000000001a026000 JavaThread "Cancel handler" [_thread_blocked, id=9108, stack(0x00000000012e0000,0x00000000013e0000)]
  0x000000001a029000 JavaThread "Handler for socket connection from /127.0.0.1:51075 to /127.0.0.1:51244" [_thread_in_native, id=4264, stack(0x00000000011e0000,0x00000000012e0000)]
  0x000000001a026800 JavaThread "Daemon Thread 4" [_thread_blocked, id=6696, stack(0x0000000000fd0000,0x00000000010d0000)]
  0x000000001c0c8000 JavaThread "Cache worker for Java compile cache (C:\Users\Akash\.gradle\caches\6.5\javaCompile)" [_thread_blocked, id=3392, stack(0x000000002af50000,0x000000002b050000)]
  0x000000001a032000 JavaThread "Memory manager" [_thread_blocked, id=2896, stack(0x00000000297a0000,0x00000000298a0000)]
  0x000000001b6cd000 JavaThread "Cache worker for file content cache (C:\Users\Akash\.gradle\caches\6.5\fileContent)" [_thread_blocked, id=7964, stack(0x0000000021da0000,0x0000000021ea0000)]
  0x000000001b6cc000 JavaThread "Cache worker for execution history cache (C:\Users\Akash\.gradle\caches\6.5\executionHistory)" [_thread_blocked, id=6192, stack(0x00000000215a0000,0x00000000216a0000)]
  0x000000001b6c7000 JavaThread "Cache worker for file hash cache (C:\Users\Akash\.gradle\caches\6.5\fileHashes)" [_thread_blocked, id=212, stack(0x000000001daa0000,0x000000001dba0000)]
  0x000000001b6c8800 JavaThread "File lock request listener" [_thread_in_native, id=4800, stack(0x000000001d9a0000,0x000000001daa0000)]
  0x000000001b5d3800 JavaThread "Cache worker for journal cache (C:\Users\Akash\.gradle\caches\journal-1)" [_thread_blocked, id=952, stack(0x000000001d8a0000,0x000000001d9a0000)]
  0x000000001b479800 JavaThread "Daemon periodic checks" [_thread_blocked, id=6556, stack(0x000000001cca0000,0x000000001cda0000)]
  0x000000001b477000 JavaThread "Incoming local TCP Connector on port 51075" [_thread_in_native, id=3740, stack(0x000000001ca60000,0x000000001cb60000)]
  0x000000001b3a3800 JavaThread "Daemon health stats" [_thread_blocked, id=4208, stack(0x000000001c420000,0x000000001c520000)]
  0x00000000194a0800 JavaThread "Service Thread" daemon [_thread_blocked, id=5972, stack(0x0000000019880000,0x0000000019980000)]
  0x0000000017b44000 JavaThread "C1 CompilerThread2" daemon [_thread_blocked, id=8684, stack(0x0000000019380000,0x0000000019480000)]
  0x0000000017b3f800 JavaThread "C2 CompilerThread1" daemon [_thread_in_native, id=6868, stack(0x0000000019280000,0x0000000019380000)]
=>0x0000000017b32800 JavaThread "C2 CompilerThread0" daemon [_thread_in_native, id=6036, stack(0x0000000019180000,0x0000000019280000)]
  0x0000000017b36000 JavaThread "Attach Listener" daemon [_thread_blocked, id=8540, stack(0x0000000019080000,0x0000000019180000)]
  0x0000000017b34800 JavaThread "Signal Dispatcher" daemon [_thread_blocked, id=1112, stack(0x0000000018f80000,0x0000000019080000)]
  0x0000000002f0b000 JavaThread "Finalizer" daemon [_thread_blocked, id=6516, stack(0x0000000018d80000,0x0000000018e80000)]
  0x0000000017b19000 JavaThread "Reference Handler" daemon [_thread_blocked, id=6252, stack(0x0000000018c80000,0x0000000018d80000)]
  0x0000000002e0e000 JavaThread "main" [_thread_blocked, id=4892, stack(0x0000000002c60000,0x0000000002d60000)]

Other Threads:
  0x0000000017af6000 VMThread [stack: 0x0000000018b80000,0x0000000018c80000] [id=2464]
  0x0000000017b8c800 WatcherThread [stack: 0x0000000019980000,0x0000000019a80000] [id=8096]

VM state:not at safepoint (normal execution)

VM Mutex/Monitor currently owned by a thread: None

heap address: 0x0000000080000000, size: 2048 MB, Compressed Oops mode: 32-bit
Narrow klass base: 0x0000000000000000, Narrow klass shift: 3
Compressed class space size: 1073741824 Address: 0x0000000100000000

Heap:
 PSYoungGen      total 385536K, used 109413K [0x00000000d5580000, 0x0000000100000000, 0x0000000100000000)
  eden space 383488K, 28% used [0x00000000d5580000,0x00000000dbe7bab8,0x00000000ecc00000)
  from space 2048K, 93% used [0x00000000ecc00000,0x00000000ecddda00,0x00000000ece00000)
  to   space 159232K, 0% used [0x00000000f6480000,0x00000000f6480000,0x0000000100000000)
 ParOldGen       total 220160K, used 106693K [0x0000000080000000, 0x000000008d700000, 0x00000000d5580000)
  object space 220160K, 48% used [0x0000000080000000,0x0000000086831678,0x000000008d700000)
 Metaspace       used 113993K, capacity 119318K, committed 119576K, reserved 1153024K
  class space    used 14359K, capacity 15341K, committed 15408K, reserved 1048576K

Card table byte_map: [0x00000000122d0000,0x00000000126e0000] byte_map_base: 0x0000000011ed0000

Marking Bits: (ParMarkBitMap*) 0x00000000690bf030
 Begin Bits: [0x0000000012d90000, 0x0000000014d90000)
 End Bits:   [0x0000000014d90000, 0x0000000016d90000)

Polling page: 0x0000000002c10000

CodeCache: size=245760Kb used=70485Kb max_used=71853Kb free=175274Kb
 bounds [0x0000000002f10000, 0x00000000075f0000, 0x0000000011f10000]
 total_blobs=20679 nmethods=19791 adapters=795
 compilation: enabled

Compilation events (10 events):
Event: 1023.237 Thread 0x0000000017b3f800 26063   !   4       org.gradle.internal.serialize.kryo.KryoBackedDecoder::readBytes (23 bytes)
Event: 1023.246 Thread 0x0000000017b3f800 nmethod 26063 0x00000000032f7ed0 code [0x00000000032f8040, 0x00000000032f8458]
Event: 1023.246 Thread 0x0000000017b3f800 26064       4       org.gradle.cache.internal.cacheops.CacheAccessOperationsStack::popCacheAction (44 bytes)
Event: 1023.277 Thread 0x0000000017b44000 26065       3       org.gradle.internal.resource.local.DefaultPathKeyFileStore::getFile (46 bytes)
Event: 1023.278 Thread 0x0000000017b44000 nmethod 26065 0x0000000004ec3bd0 code [0x0000000004ec3d40, 0x0000000004ec4008]
Event: 1023.293 Thread 0x0000000017b3f800 nmethod 26064 0x00000000063e2d90 code [0x00000000063e2f80, 0x00000000063e3cc8]
Event: 1023.298 Thread 0x0000000017b3f800 26066       4       org.gradle.api.internal.artifacts.repositories.metadata.DefaultMavenImmutableAttributesFactory$ComponentTypeEntry::<init> (43 bytes)
Event: 1023.304 Thread 0x0000000017b3f800 nmethod 26066 0x0000000004e60690 code [0x0000000004e607e0, 0x0000000004e609d8]
Event: 1023.331 Thread 0x0000000017b3f800 26067       4       java.util.Collections::reverseOrder (32 bytes)
Event: 1023.336 Thread 0x0000000017b3f800 nmethod 26067 0x00000000052f3290 code [0x00000000052f33e0, 0x00000000052f34d8]

GC Heap History (10 events):
Event: 444.031 GC heap before
{Heap before GC invocations=29 (full 6):
 PSYoungGen      total 559616K, used 526874K [0x00000000d5580000, 0x0000000100000000, 0x0000000100000000)
  eden space 436736K, 100% used [0x00000000d5580000,0x00000000f0000000,0x00000000f0000000)
  from space 122880K, 73% used [0x00000000f8800000,0x00000000fe006ad0,0x0000000100000000)
  to   space 131072K, 0% used [0x00000000f0000000,0x00000000f0000000,0x00000000f8000000)
 ParOldGen       total 220160K, used 88284K [0x0000000080000000, 0x000000008d700000, 0x00000000d5580000)
  object space 220160K, 40% used [0x0000000080000000,0x00000000856372c0,0x000000008d700000)
 Metaspace       used 105307K, capacity 110226K, committed 110488K, reserved 1144832K
  class space    used 13470K, capacity 14393K, committed 14512K, reserved 1048576K
Event: 444.153 GC heap after
Heap after GC invocations=29 (full 6):
 PSYoungGen      total 553984K, used 116784K [0x00000000d5580000, 0x0000000100000000, 0x0000000100000000)
  eden space 436736K, 0% used [0x00000000d5580000,0x00000000d5580000,0x00000000f0000000)
  from space 117248K, 99% used [0x00000000f0000000,0x00000000f720c2c0,0x00000000f7280000)
  to   space 144896K, 0% used [0x00000000f7280000,0x00000000f7280000,0x0000000100000000)
 ParOldGen       total 220160K, used 88292K [0x0000000080000000, 0x000000008d700000, 0x00000000d5580000)
  object space 220160K, 40% used [0x0000000080000000,0x00000000856392c0,0x000000008d700000)
 Metaspace       used 105307K, capacity 110226K, committed 110488K, reserved 1144832K
  class space    used 13470K, capacity 14393K, committed 14512K, reserved 1048576K
}
Event: 935.655 GC heap before
{Heap before GC invocations=30 (full 6):
 PSYoungGen      total 553984K, used 553520K [0x00000000d5580000, 0x0000000100000000, 0x0000000100000000)
  eden space 436736K, 100% used [0x00000000d5580000,0x00000000f0000000,0x00000000f0000000)
  from space 117248K, 99% used [0x00000000f0000000,0x00000000f720c2c0,0x00000000f7280000)
  to   space 144896K, 0% used [0x00000000f7280000,0x00000000f7280000,0x0000000100000000)
 ParOldGen       total 220160K, used 88292K [0x0000000080000000, 0x000000008d700000, 0x00000000d5580000)
  object space 220160K, 40% used [0x0000000080000000,0x00000000856392c0,0x000000008d700000)
 Metaspace       used 105830K, capacity 111026K, committed 111256K, reserved 1146880K
  class space    used 13490K, capacity 14429K, committed 14512K, reserved 1048576K
Event: 935.927 GC heap after
Heap after GC invocations=30 (full 6):
 PSYoungGen      total 558080K, used 44208K [0x00000000d5580000, 0x0000000100000000, 0x0000000100000000)
  eden space 413184K, 0% used [0x00000000d5580000,0x00000000d5580000,0x00000000ee900000)
  from space 144896K, 30% used [0x00000000f7280000,0x00000000f9dac300,0x0000000100000000)
  to   space 140800K, 0% used [0x00000000ee900000,0x00000000ee900000,0x00000000f7280000)
 ParOldGen       total 220160K, used 90177K [0x0000000080000000, 0x000000008d700000, 0x00000000d5580000)
  object space 220160K, 40% used [0x0000000080000000,0x0000000085810680,0x000000008d700000)
 Metaspace       used 105830K, capacity 111026K, committed 111256K, reserved 1146880K
  class space    used 13490K, capacity 14429K, committed 14512K, reserved 1048576K
}
Event: 938.066 GC heap before
{Heap before GC invocations=31 (full 6):
 PSYoungGen      total 558080K, used 457392K [0x00000000d5580000, 0x0000000100000000, 0x0000000100000000)
  eden space 413184K, 100% used [0x00000000d5580000,0x00000000ee900000,0x00000000ee900000)
  from space 144896K, 30% used [0x00000000f7280000,0x00000000f9dac300,0x0000000100000000)
  to   space 140800K, 0% used [0x00000000ee900000,0x00000000ee900000,0x00000000f7280000)
 ParOldGen       total 220160K, used 90177K [0x0000000080000000, 0x000000008d700000, 0x00000000d5580000)
  object space 220160K, 40% used [0x0000000080000000,0x0000000085810680,0x000000008d700000)
 Metaspace       used 105864K, capacity 111084K, committed 111256K, reserved 1146880K
  class space    used 13495K, capacity 14438K, committed 14512K, reserved 1048576K
Event: 938.583 GC heap after
Heap after GC invocations=31 (full 6):
 PSYoungGen      total 535552K, used 122118K [0x00000000d5580000, 0x0000000100000000, 0x0000000100000000)
  eden space 413184K, 0% used [0x00000000d5580000,0x00000000d5580000,0x00000000ee900000)
  from space 122368K, 99% used [0x00000000ee900000,0x00000000f6041b48,0x00000000f6080000)
  to   space 156672K, 0% used [0x00000000f6700000,0x00000000f6700000,0x0000000100000000)
 ParOldGen       total 220160K, used 90489K [0x0000000080000000, 0x000000008d700000, 0x00000000d5580000)
  object space 220160K, 41% used [0x0000000080000000,0x000000008585e580,0x000000008d700000)
 Metaspace       used 105864K, capacity 111084K, committed 111256K, reserved 1146880K
  class space    used 13495K, capacity 14438K, committed 14512K, reserved 1048576K
}
Event: 947.542 GC heap before
{Heap before GC invocations=32 (full 6):
 PSYoungGen      total 535552K, used 535302K [0x00000000d5580000, 0x0000000100000000, 0x0000000100000000)
  eden space 413184K, 100% used [0x00000000d5580000,0x00000000ee900000,0x00000000ee900000)
  from space 122368K, 99% used [0x00000000ee900000,0x00000000f6041b48,0x00000000f6080000)
  to   space 156672K, 0% used [0x00000000f6700000,0x00000000f6700000,0x0000000100000000)
 ParOldGen       total 220160K, used 90489K [0x0000000080000000, 0x000000008d700000, 0x00000000d5580000)
  object space 220160K, 41% used [0x0000000080000000,0x000000008585e580,0x000000008d700000)
 Metaspace       used 113477K, capacity 118820K, committed 119064K, reserved 1153024K
  class space    used 14357K, capacity 15338K, committed 15408K, reserved 1048576K
Event: 947.845 GC heap after
Heap after GC invocations=32 (full 6):
 PSYoungGen      total 540160K, used 90231K [0x00000000d5580000, 0x0000000100000000, 0x0000000100000000)
  eden space 383488K, 0% used [0x00000000d5580000,0x00000000d5580000,0x00000000ecc00000)
  from space 156672K, 57% used [0x00000000f6700000,0x00000000fbf1dfb8,0x0000000100000000)
  to   space 157696K, 0% used [0x00000000ecc00000,0x00000000ecc00000,0x00000000f6600000)
 ParOldGen       total 220160K, used 99855K [0x0000000080000000, 0x000000008d700000, 0x00000000d5580000)
  object space 220160K, 45% used [0x0000000080000000,0x0000000086183c58,0x000000008d700000)
 Metaspace       used 113477K, capacity 118820K, committed 119064K, reserved 1153024K
  class space    used 14357K, capacity 15338K, committed 15408K, reserved 1048576K
}
Event: 950.860 GC heap before
{Heap before GC invocations=33 (full 6):
 PSYoungGen      total 540160K, used 473719K [0x00000000d5580000, 0x0000000100000000, 0x0000000100000000)
  eden space 383488K, 100% used [0x00000000d5580000,0x00000000ecc00000,0x00000000ecc00000)
  from space 156672K, 57% used [0x00000000f6700000,0x00000000fbf1dfb8,0x0000000100000000)
  to   space 157696K, 0% used [0x00000000ecc00000,0x00000000ecc00000,0x00000000f6600000)
 ParOldGen       total 220160K, used 99855K [0x0000000080000000, 0x000000008d700000, 0x00000000d5580000)
  object space 220160K, 45% used [0x0000000080000000,0x0000000086183c58,0x000000008d700000)
 Metaspace       used 113859K, capacity 119172K, committed 119320K, reserved 1153024K
  class space    used 14358K, capacity 15340K, committed 15408K, reserved 1048576K
Event: 950.918 GC heap after
Heap after GC invocations=33 (full 6):
 PSYoungGen      total 385536K, used 1910K [0x00000000d5580000, 0x0000000100000000, 0x0000000100000000)
  eden space 383488K, 0% used [0x00000000d5580000,0x00000000d5580000,0x00000000ecc00000)
  from space 2048K, 93% used [0x00000000ecc00000,0x00000000ecddda00,0x00000000ece00000)
  to   space 159232K, 0% used [0x00000000f6480000,0x00000000f6480000,0x0000000100000000)
 ParOldGen       total 220160K, used 106693K [0x0000000080000000, 0x000000008d700000, 0x00000000d5580000)
  object space 220160K, 48% used [0x0000000080000000,0x0000000086831678,0x000000008d700000)
 Metaspace       used 113859K, capacity 119172K, committed 119320K, reserved 1153024K
  class space    used 14358K, capacity 15340K, committed 15408K, reserved 1048576K
}

Deoptimization events (10 events):
Event: 950.215 Thread 0x000000001e98f000 Uncommon trap: reason=class_check action=maybe_recompile pc=0x0000000007070694 method=java.util.concurrent.ForkJoinTask.get()Ljava/lang/Object; @ 65
Event: 950.215 Thread 0x000000001e98f000 Uncommon trap: reason=class_check action=maybe_recompile pc=0x0000000007070694 method=java.util.concurrent.ForkJoinTask.get()Ljava/lang/Object; @ 65
Event: 950.264 Thread 0x000000001e98e800 Uncommon trap: reason=class_check action=maybe_recompile pc=0x0000000007063df8 method=java.util.concurrent.ForkJoinTask$AdaptedCallable.exec()Z @ 5
Event: 951.886 Thread 0x000000001e98e800 Uncommon trap: reason=bimorphic action=maybe_recompile pc=0x0000000004b69a88 method=java.util.concurrent.ForkJoinTask$AdaptedCallable.exec()Z @ 5
Event: 951.886 Thread 0x000000001e994800 Uncommon trap: reason=bimorphic action=maybe_recompile pc=0x0000000004b69a88 method=java.util.concurrent.ForkJoinTask$AdaptedCallable.exec()Z @ 5
Event: 1021.813 Thread 0x000000001a027800 Uncommon trap: reason=unstable_if action=reinterpret pc=0x0000000004940104 method=org.gradle.internal.operations.DefaultBuildOperationExecutor.maybeStartUnmanagedThreadOperation(Lorg/gradle/internal/operations/DefaultBuildOperationExecutor$BuildOperationS
Event: 1021.885 Thread 0x000000001a027800 Uncommon trap: reason=bimorphic action=maybe_recompile pc=0x00000000050add70 method=com.google.common.cache.LocalCache$Segment.getLiveValue(Lcom/google/common/cache/ReferenceEntry;J)Ljava/lang/Object; @ 21
Event: 1022.754 Thread 0x000000001a027800 Uncommon trap: reason=class_check action=maybe_recompile pc=0x0000000004d01cdc method=java.util.Spliterators$ArraySpliterator.tryAdvance(Ljava/util/function/Consumer;)Z @ 49
Event: 1022.866 Thread 0x000000001a027800 Uncommon trap: reason=class_check action=maybe_recompile pc=0x0000000004d01cdc method=java.util.Spliterators$ArraySpliterator.tryAdvance(Ljava/util/function/Consumer;)Z @ 49
Event: 1022.980 Thread 0x000000001a027800 Uncommon trap: reason=array_check action=maybe_recompile pc=0x000000000526b2c4 method=java.util.ComparableTimSort.binarySort([Ljava/lang/Object;III)V @ 215

Classes redefined (0 events):
No events

Internal exceptions (10 events):
Event: 950.117 Thread 0x000000001e991800 Exception <a 'sun/nio/fs/WindowsException'> (0x00000000e9c17998) thrown at [C:\src\AOSP-openjdk-git\hotspot\src\share\vm\prims\jni.cpp, line 710]
Event: 950.118 Thread 0x000000001e991800 Exception <a 'sun/nio/fs/WindowsException'> (0x00000000e9c1d120) thrown at [C:\src\AOSP-openjdk-git\hotspot\src\share\vm\prims\jni.cpp, line 710]
Event: 950.120 Thread 0x000000001e991800 Exception <a 'sun/nio/fs/WindowsException'> (0x00000000e9c28b78) thrown at [C:\src\AOSP-openjdk-git\hotspot\src\share\vm\prims\jni.cpp, line 710]
Event: 950.166 Thread 0x000000001e98f000 Exception <a 'sun/nio/fs/WindowsException'> (0x00000000ea0cd848) thrown at [C:\src\AOSP-openjdk-git\hotspot\src\share\vm\prims\jni.cpp, line 710]
Event: 950.212 Thread 0x000000001e98f000 Implicit null exception at 0x00000000070545aa to 0x0000000007054789
Event: 950.415 Thread 0x000000001e98e800 Exception <a 'sun/nio/fs/WindowsException'> (0x00000000ec63a488) thrown at [C:\src\AOSP-openjdk-git\hotspot\src\share\vm\prims\jni.cpp, line 710]
Event: 950.960 Thread 0x000000001e98d000 Exception <a 'sun/nio/fs/WindowsException'> (0x00000000d57f73d0) thrown at [C:\src\AOSP-openjdk-git\hotspot\src\share\vm\prims\jni.cpp, line 710]
Event: 950.960 Thread 0x000000001e98d000 Exception <a 'sun/nio/fs/WindowsException'> (0x00000000d57f78c8) thrown at [C:\src\AOSP-openjdk-git\hotspot\src\share\vm\prims\jni.cpp, line 710]
Event: 1021.813 Thread 0x000000001a027800 Implicit null exception at 0x000000000493cb1a to 0x00000000049400d9
Event: 1022.774 Thread 0x000000001a027800 Exception <a 'sun/nio/fs/WindowsException'> (0x00000000db4345a0) thrown at [C:\src\AOSP-openjdk-git\hotspot\src\share\vm\prims\jni.cpp, line 710]

Events (10 events):
Event: 1023.143 Executing VM operation: RevokeBias done
Event: 1023.160 Thread 0x0000000017b44000 flushing nmethod 0x0000000007054410
Event: 1023.160 Thread 0x0000000017b44000 flushing nmethod 0x0000000007060fd0
Event: 1023.160 Thread 0x0000000017b44000 flushing nmethod 0x0000000007070310
Event: 1023.160 Thread 0x0000000017b44000 flushing nmethod 0x0000000007073a90
Event: 1023.163 Thread 0x0000000017b44000 flushing nmethod 0x000000000758f890
Event: 1023.312 Executing VM operation: RevokeBias
Event: 1023.313 Executing VM operation: RevokeBias done
Event: 1023.313 Executing VM operation: RevokeBias
Event: 1023.313 Executing VM operation: RevokeBias done


Dynamic libraries:
0x00007ff77adb0000 - 0x00007ff77ade1000 	C:\Program Files\Android\Android Studio\jre\bin\java.exe
0x00007ffd8d7e0000 - 0x00007ffd8d9d0000 	C:\Windows\SYSTEM32\ntdll.dll
0x00007ffd8d530000 - 0x00007ffd8d5e2000 	C:\Windows\System32\KERNEL32.DLL
0x00007ffd8aa70000 - 0x00007ffd8ad12000 	C:\Windows\System32\KERNELBASE.dll
0x00007ffd8d5f0000 - 0x00007ffd8d693000 	C:\Windows\System32\ADVAPI32.dll
0x00007ffd8d090000 - 0x00007ffd8d12e000 	C:\Windows\System32\msvcrt.dll
0x00007ffd8ce00000 - 0x00007ffd8ce97000 	C:\Windows\System32\sechost.dll
0x00007ffd8d410000 - 0x00007ffd8d530000 	C:\Windows\System32\RPCRT4.dll
0x00007ffd8cea0000 - 0x00007ffd8d033000 	C:\Windows\System32\USER32.dll
0x00007ffd8b040000 - 0x00007ffd8b061000 	C:\Windows\System32\win32u.dll
0x00007ffd8d040000 - 0x00007ffd8d066000 	C:\Windows\System32\GDI32.dll
0x00007ffd8ad20000 - 0x00007ffd8aeb4000 	C:\Windows\System32\gdi32full.dll
0x00007ffd8a770000 - 0x00007ffd8a80e000 	C:\Windows\System32\msvcp_win.dll
0x00007ffd8a920000 - 0x00007ffd8aa1a000 	C:\Windows\System32\ucrtbase.dll
0x00007ffd7a340000 - 0x00007ffd7a5c5000 	C:\Windows\WinSxS\amd64_microsoft.windows.common-controls_6595b64144ccf1df_6.0.18362.30_none_a1435978519dce7f\COMCTL32.dll
0x00007ffd8bad0000 - 0x00007ffd8be06000 	C:\Windows\System32\combase.dll
0x00007ffd8a870000 - 0x00007ffd8a8f1000 	C:\Windows\System32\bcryptPrimitives.dll
0x00007ffd8c030000 - 0x00007ffd8c05e000 	C:\Windows\System32\IMM32.DLL
0x0000000068810000 - 0x00000000688e2000 	C:\Program Files\Android\Android Studio\jre\jre\bin\msvcr100.dll
0x00000000688f0000 - 0x000000006913b000 	C:\Program Files\Android\Android Studio\jre\jre\bin\server\jvm.dll
0x00007ffd8d790000 - 0x00007ffd8d798000 	C:\Windows\System32\PSAPI.DLL
0x00007ffd78dc0000 - 0x00007ffd78dc9000 	C:\Windows\SYSTEM32\WSOCK32.dll
0x00007ffd873c0000 - 0x00007ffd873e4000 	C:\Windows\SYSTEM32\WINMM.dll
0x00007ffd7e6d0000 - 0x00007ffd7e6da000 	C:\Windows\SYSTEM32\VERSION.dll
0x00007ffd8d6a0000 - 0x00007ffd8d70f000 	C:\Windows\System32\WS2_32.dll
0x00007ffd87390000 - 0x00007ffd873bd000 	C:\Windows\SYSTEM32\winmmbase.dll
0x00007ffd8aa20000 - 0x00007ffd8aa6a000 	C:\Windows\System32\cfgmgr32.dll
0x00007ffd5a2c0000 - 0x00007ffd5a2cf000 	C:\Program Files\Android\Android Studio\jre\jre\bin\verify.dll
0x00007ffd5a290000 - 0x00007ffd5a2b9000 	C:\Program Files\Android\Android Studio\jre\jre\bin\java.dll
0x00007ffd5a270000 - 0x00007ffd5a286000 	C:\Program Files\Android\Android Studio\jre\jre\bin\zip.dll
0x00007ffd8c060000 - 0x00007ffd8c740000 	C:\Windows\System32\SHELL32.dll
0x00007ffd8c7b0000 - 0x00007ffd8c859000 	C:\Windows\System32\shcore.dll
0x00007ffd8b070000 - 0x00007ffd8b7eb000 	C:\Windows\System32\windows.storage.dll
0x00007ffd8a750000 - 0x00007ffd8a76f000 	C:\Windows\System32\profapi.dll
0x00007ffd8a6e0000 - 0x00007ffd8a72a000 	C:\Windows\System32\powrprof.dll
0x00007ffd8a6b0000 - 0x00007ffd8a6c0000 	C:\Windows\System32\UMPDC.dll
0x00007ffd8d130000 - 0x00007ffd8d182000 	C:\Windows\System32\shlwapi.dll
0x00007ffd8a730000 - 0x00007ffd8a741000 	C:\Windows\System32\kernel.appcore.dll
0x00007ffd8a900000 - 0x00007ffd8a917000 	C:\Windows\System32\cryptsp.dll
0x00007ffd5a1d0000 - 0x00007ffd5a1ea000 	C:\Program Files\Android\Android Studio\jre\jre\bin\net.dll
0x00007ffd89ec0000 - 0x00007ffd89f27000 	C:\Windows\system32\mswsock.dll
0x00007ffd5a1a0000 - 0x00007ffd5a1b3000 	C:\Program Files\Android\Android Studio\jre\jre\bin\nio.dll
0x00007ffd78ca0000 - 0x00007ffd78cc7000 	C:\Users\Akash\.gradle\native\f6784746aeab05261644944871eae4fe03e0ef1612fff0a4a95f87b438bc6780\windows-amd64\native-platform.dll
0x00007ffd5a190000 - 0x00007ffd5a19d000 	C:\Program Files\Android\Android Studio\jre\jre\bin\management.dll
0x00007ffd89a80000 - 0x00007ffd89ab3000 	C:\Windows\system32\rsaenh.dll
0x00007ffd8b010000 - 0x00007ffd8b036000 	C:\Windows\System32\bcrypt.dll
0x00007ffd8a5a0000 - 0x00007ffd8a5c5000 	C:\Windows\SYSTEM32\USERENV.dll
0x00007ffd8a090000 - 0x00007ffd8a09c000 	C:\Windows\SYSTEM32\CRYPTBASE.dll
0x00007ffd89c20000 - 0x00007ffd89c5a000 	C:\Windows\SYSTEM32\IPHLPAPI.DLL
0x00007ffd8d400000 - 0x00007ffd8d408000 	C:\Windows\System32\NSI.dll
0x00007ffd84940000 - 0x00007ffd84956000 	C:\Windows\SYSTEM32\dhcpcsvc6.DLL
0x00007ffd848a0000 - 0x00007ffd848bc000 	C:\Windows\SYSTEM32\dhcpcsvc.DLL
0x00007ffd89c60000 - 0x00007ffd89d2a000 	C:\Windows\SYSTEM32\DNSAPI.dll
0x00007ffd86230000 - 0x00007ffd8623b000 	C:\Windows\SYSTEM32\WINNSI.DLL
0x00007ffd888e0000 - 0x00007ffd8896f000 	C:\Windows\system32\apphelp.dll
0x00007ffd7cbe0000 - 0x00007ffd7cdd4000 	C:\Windows\SYSTEM32\dbghelp.dll

VM Arguments:
jvm_args: -Xmx2048m -Dfile.encoding=UTF-8 -Duser.country=US -Duser.language=en -Duser.variant 
java_command: org.gradle.launcher.daemon.bootstrap.GradleDaemon 6.5
java_class_path (initial): C:\Users\Akash\.gradle\wrapper\dists\gradle-6.5-all\2oz4ud9k3tuxjg84bbf55q0tn\gradle-6.5\lib\gradle-launcher-6.5.jar
Launcher Type: SUN_STANDARD

Environment Variables:
PATH=C:\Python39\Scripts\;C:\Python39\;C:\Program Files (x86)\Common Files\Oracle\Java\javapath;C:\Program Files\Common Files\Oracle\Java\javapath;C:\Windows\system32;C:\Windows;C:\Windows\System32\Wbem;C:\Windows\System32\WindowsPowerShell\v1.0\;C:\Windows\System32\OpenSSH\;C:\Program Files\nodejs\;C:\ProgramData\chocolatey\bin;C:\Program Files\Java\jdk1.8.0_271\bin;C:\Users\Akash\AppData\Roaming\npm
USERNAME=Akash
OS=Windows_NT
PROCESSOR_IDENTIFIER=Intel64 Family 6 Model 60 Stepping 3, GenuineIntel



---------------  S Y S T E M  ---------------

OS: Windows 10.0 , 64 bit Build 18362 (10.0.18362.1)

CPU:total 4 (initial active 4) (2 cores per cpu, 2 threads per core) family 6 model 60 stepping 3, cmov, cx8, fxsr, mmx, sse, sse2, sse3, ssse3, sse4.1, sse4.2, popcnt, avx, avx2, aes, clmul, erms, lzcnt, ht, tsc, tscinvbit, bmi1, bmi2

Memory: 4k page, physical 3860244k(1062640k free), swap 11724564k(5907452k free)

vm_info: OpenJDK 64-Bit Server VM (25.242-b01) for windows-amd64 JRE (1.8.0_242-release-1644-b01), built by "builder" with MS VC++ 10.0 (VS2010)

time: Wed Mar 10 13:00:27 2021
timezone: India Standard Time
elapsed time: 1023 seconds (0d 0h 17m 3s)

